<<<<<<< HEAD
Base path: 'C:/Program Files/Unity Editors/2019.4.4f1/Editor/Data', plugins path 'C:/Program Files/Unity Editors/2019.4.4f1/Editor/Data/PlaybackEngines'
Cmd: initializeCompiler
=======
Base path: 'C:/Program Files/Unity/Editor/Data', plugins path 'C:/Program Files/Unity/Editor/Data/PlaybackEngines'
Cmd: initializeCompiler
Cmd: preprocess
  insize=2439 outsize=823 ok=1
Cmd: preprocess
  insize=1145 outsize=545 ok=1
Cmd: preprocess
  insize=1438 outsize=193 ok=1
Cmd: preprocess
  insize=4315 outsize=624 ok=1
Cmd: preprocess
  insize=1779 outsize=532 ok=1
Cmd: preprocessCompute
  insize=1893 outsize=1897 ok=1
Cmd: preprocess
  insize=2397 outsize=857 ok=1
Cmd: preprocess
  insize=3207 outsize=1205 ok=1
>>>>>>> 7ccd50614cc7b7489d73a51adf98f57cd46ea93e
